<?xml version="1.0" encoding="UTF-8"?>
<!-- Generated by org.testng.reporters.JUnitXMLReporter -->
<testsuite ignored="0" hostname="ATMECSINDT-080" failures="0" tests="4" name="Test" time="71.518" errors="0" timestamp="2019-09-16T10:17:01 IST">
  <testcase classname="com.atmecs.practo.testscripts.AddToCart" name="clickOnDiagnostics" time="62.733"/>
  <testcase classname="com.atmecs.practo.testscripts.AddToCart" name="validateAfterAdd" time="2.363"/>
  <testcase classname="com.atmecs.practo.testscripts.RemoveFromCart" name="cartAfterRemovalOfSample" time="6.166"/>
  <testcase classname="com.atmecs.practo.testscripts.RemoveFromCart" name="validateCartAfterRemoval" time="0.2"/>
</testsuite> <!-- Test -->
